app/manifest-merger-release-report.txt
-- Merging decision tree log ---
manifest
ADDED from AndroidManifest.xml:2:1
	package
		ADDED from AndroidManifest.xml:3:5
		INJECTED from AndroidManifest.xml:0:0
		INJECTED from AndroidManifest.xml:0:0
	android:versionName
		ADDED from AndroidManifest.xml:5:5
	android:versionCode
		ADDED from AndroidManifest.xml:4:5
		INJECTED from AndroidManifest.xml:0:0
		INJECTED from AndroidManifest.xml:0:0
	xmlns:android
		ADDED from AndroidManifest.xml:2:11
uses-sdk
ADDED from AndroidManifest.xml:7:5
	android:targetSdkVersion
		ADDED from AndroidManifest.xml:9:9
		INJECTED from AndroidManifest.xml:0:0
		INJECTED from AndroidManifest.xml:0:0
	android:minSdkVersion
		ADDED from AndroidManifest.xml:8:9
		INJECTED from AndroidManifest.xml:0:0
		INJECTED from AndroidManifest.xml:0:0
application
ADDED from AndroidManifest.xml:11:5
	android:label
		ADDED from AndroidManifest.xml:14:9
	android:allowBackup
		ADDED from AndroidManifest.xml:12:9
	android:icon
		ADDED from AndroidManifest.xml:13:9
	android:theme
		ADDED from AndroidManifest.xml:15:9
activity#com.example.anpaydialog.MainActivity
ADDED from AndroidManifest.xml:16:9
	android:label
		ADDED from AndroidManifest.xml:18:13
	android:name
		ADDED from AndroidManifest.xml:17:13
intent-filter#android.intent.action.MAIN+android.intent.category.LAUNCHER
ADDED from AndroidManifest.xml:19:13
action#android.intent.action.MAIN
ADDED from AndroidManifest.xml:20:17
	android:name
		ADDED from AndroidManifest.xml:20:25
category#android.intent.category.LAUNCHER
ADDED from AndroidManifest.xml:22:17
	android:name
		ADDED from AndroidManifest.xml:22:27
uses-permission#android.permission.RECEIVE_BOOT_COMPLETED
ADDED from AndroidManifest.xml:26:1
	android:name
		ADDED from AndroidManifest.xml:26:18
uses-permission#android.permission.PROCESS_OUTGOING_CALLS
ADDED from AndroidManifest.xml:27:5
	android:name
		ADDED from AndroidManifest.xml:27:22
uses-permission#android.permission.INTERNET
ADDED from AndroidManifest.xml:28:2
	android:name
		ADDED from AndroidManifest.xml:28:19
uses-permission#android.permission.ACCESS_NETWORK_STATE
ADDED from AndroidManifest.xml:29:2
	android:name
		ADDED from AndroidManifest.xml:29:19
uses-permission#android.permission.WRITE_APN_SETTING
ADDED from AndroidManifest.xml:30:2
	android:name
		ADDED from AndroidManifest.xml:30:19
uses-permission#android.permission.WRITE_APN_SETTINGS
ADDED from AndroidManifest.xml:31:2
	android:name
		ADDED from AndroidManifest.xml:31:19
uses-permission#android.permission.CHANGE_NETWORK_STATE
ADDED from AndroidManifest.xml:32:2
	android:name
		ADDED from AndroidManifest.xml:32:19
uses-permission#android.permission.ACCESS_WIFI_STATE
ADDED from AndroidManifest.xml:33:2
	android:name
		ADDED from AndroidManifest.xml:33:19
uses-permission#android.permission.CHANGE_WIFI_STATE
ADDED from AndroidManifest.xml:34:2
	android:name
		ADDED from AndroidManifest.xml:34:19
uses-permission#android.permission.RECEIVE_SMS
ADDED from AndroidManifest.xml:35:5
	android:name
		ADDED from AndroidManifest.xml:35:22
uses-permission#android.permission.READ_SMS
ADDED from AndroidManifest.xml:36:5
	android:name
		ADDED from AndroidManifest.xml:36:22
uses-permission#android.permission.WRITE_SMS
ADDED from AndroidManifest.xml:37:5
	android:name
		ADDED from AndroidManifest.xml:37:22
uses-permission#android.permission.SEND_SMS
ADDED from AndroidManifest.xml:38:5
	android:name
		ADDED from AndroidManifest.xml:38:22
uses-permission#android.permission.WAKE_LOCK
ADDED from AndroidManifest.xml:39:5
	android:name
		ADDED from AndroidManifest.xml:39:22
uses-permission#android.permission.MOUNT_UNMOUNT_FILESYSTEMS
ADDED from AndroidManifest.xml:43:5
	android:name
		ADDED from AndroidManifest.xml:43:22
uses-permission#android.permission.WRITE_EXTERNAL_STORAGE
ADDED from AndroidManifest.xml:44:3
	android:name
		ADDED from AndroidManifest.xml:44:20
uses-permission#android.permission.READ_LOGS
ADDED from AndroidManifest.xml:46:5
	android:name
		ADDED from AndroidManifest.xml:46:22
uses-permission#android.permission.KILL_BACKGROUND_PROCESSES
ADDED from AndroidManifest.xml:47:2
	android:name
		ADDED from AndroidManifest.xml:47:19
uses-permission#android.permission.RESTART_PACKAGES
ADDED from AndroidManifest.xml:48:2
	android:name
		ADDED from AndroidManifest.xml:48:19
uses-permission#android.permission.READ_PHONE_STATE
ADDED from AndroidManifest.xml:49:2
	android:name
		ADDED from AndroidManifest.xml:49:19